1695115507816	geckodriver	INFO	Listening on 127.0.0.1:57935
1695115508321	mozrunner::runner	INFO	Running command: MOZ_CRASHREPORTER="1" MOZ_CRASHREPORTER_NO_REPORT="1" MOZ_CRASHREPORTER_SHUTDOWN="1" MOZ_NO_REMOTE="1" "/hom ... te" "--remote-debugging-port" "36409" "--remote-allow-hosts" "localhost" "-no-remote" "-profile" "/tmp/rust_mozprofileJcUjKF"
console.warn: services.settings: Ignoring preference override of remote settings server
console.warn: services.settings: Allow by setting MOZ_REMOTE_SETTINGS_DEVTOOLS=1 in the environment
[GFX1-]: vaapitest: ERROR
[GFX1-]: vaapitest: VA-API test failed: libva-drm.so.2 is missing.

ATTENTION: default value of option mesa_glthread overridden by environment.
1695115508693	Marionette	INFO	Marionette enabled
ATTENTION: default value of option mesa_glthread overridden by environment.
1695115508756	Marionette	INFO	Listening on port 38457
WebDriver BiDi listening on ws://127.0.0.1:36409
Read port: 38457
1695115508899	RemoteAgent	WARN	TLS certificate errors will be ignored for this session
console.error: ({})
DevTools listening on ws://127.0.0.1:36409/devtools/browser/3b91872b-7af2-4e42-93a5-aa98e4c01e54
console.warn: LoginRecipes: "Falling back to a synchronous message for: https://www.google.com."
1695116136650	geckodriver	INFO	Listening on 127.0.0.1:54221
1695116137153	mozrunner::runner	INFO	Running command: MOZ_CRASHREPORTER="1" MOZ_CRASHREPORTER_NO_REPORT="1" MOZ_CRASHREPORTER_SHUTDOWN="1" MOZ_NO_REMOTE="1" "/hom ... te" "--remote-debugging-port" "34379" "--remote-allow-hosts" "localhost" "-no-remote" "-profile" "/tmp/rust_mozprofiler3EG7a"
console.warn: services.settings: Ignoring preference override of remote settings server
console.warn: services.settings: Allow by setting MOZ_REMOTE_SETTINGS_DEVTOOLS=1 in the environment
[GFX1-]: vaapitest: ERROR
[GFX1-]: vaapitest: VA-API test failed: libva-drm.so.2 is missing.

ATTENTION: default value of option mesa_glthread overridden by environment.
1695116137536	Marionette	INFO	Marionette enabled
ATTENTION: default value of option mesa_glthread overridden by environment.
1695116137637	Marionette	INFO	Listening on port 34205
WebDriver BiDi listening on ws://127.0.0.1:34379
Read port: 34205
1695116137740	RemoteAgent	WARN	TLS certificate errors will be ignored for this session
console.error: ({})
DevTools listening on ws://127.0.0.1:34379/devtools/browser/99b2dd17-e35c-48a9-a641-bbda918bcac9
console.warn: LoginRecipes: "Falling back to a synchronous message for: https://www.google.com."
1695116551002	geckodriver	INFO	Listening on 127.0.0.1:39445
1695116551511	mozrunner::runner	INFO	Running command: MOZ_CRASHREPORTER="1" MOZ_CRASHREPORTER_NO_REPORT="1" MOZ_CRASHREPORTER_SHUTDOWN="1" MOZ_NO_REMOTE="1" "/hom ... te" "--remote-debugging-port" "42123" "--remote-allow-hosts" "localhost" "-no-remote" "-profile" "/tmp/rust_mozprofilebs6DH5"
console.warn: services.settings: Ignoring preference override of remote settings server
console.warn: services.settings: Allow by setting MOZ_REMOTE_SETTINGS_DEVTOOLS=1 in the environment
[GFX1-]: vaapitest: ERROR
[GFX1-]: vaapitest: VA-API test failed: libva-drm.so.2 is missing.

ATTENTION: default value of option mesa_glthread overridden by environment.
1695116551904	Marionette	INFO	Marionette enabled
ATTENTION: default value of option mesa_glthread overridden by environment.
1695116552009	Marionette	INFO	Listening on port 42289
Read port: 42289
WebDriver BiDi listening on ws://127.0.0.1:42123
1695116552042	RemoteAgent	WARN	TLS certificate errors will be ignored for this session
1695116791153	geckodriver	INFO	Listening on 127.0.0.1:34511
1695116791662	mozrunner::runner	INFO	Running command: MOZ_CRASHREPORTER="1" MOZ_CRASHREPORTER_NO_REPORT="1" MOZ_CRASHREPORTER_SHUTDOWN="1" MOZ_NO_REMOTE="1" "/hom ... te" "--remote-debugging-port" "54065" "--remote-allow-hosts" "localhost" "-no-remote" "-profile" "/tmp/rust_mozprofilenjktq2"
console.warn: services.settings: Ignoring preference override of remote settings server
console.warn: services.settings: Allow by setting MOZ_REMOTE_SETTINGS_DEVTOOLS=1 in the environment
[GFX1-]: vaapitest: ERROR
[GFX1-]: vaapitest: VA-API test failed: libva-drm.so.2 is missing.

ATTENTION: default value of option mesa_glthread overridden by environment.
1695116792069	Marionette	INFO	Marionette enabled
ATTENTION: default value of option mesa_glthread overridden by environment.
1695116792177	Marionette	INFO	Listening on port 43805
WebDriver BiDi listening on ws://127.0.0.1:54065
Read port: 43805
1695116792287	RemoteAgent	WARN	TLS certificate errors will be ignored for this session
console.error: ({})
DevTools listening on ws://127.0.0.1:54065/devtools/browser/23889434-da06-4f95-90ed-5aaf6a850197
console.warn: LoginRecipes: "Falling back to a synchronous message for: https://www.google.com."
1695116851436	geckodriver	INFO	Listening on 127.0.0.1:45109
1695116851943	mozrunner::runner	INFO	Running command: MOZ_CRASHREPORTER="1" MOZ_CRASHREPORTER_NO_REPORT="1" MOZ_CRASHREPORTER_SHUTDOWN="1" MOZ_NO_REMOTE="1" "/hom ... te" "--remote-debugging-port" "36771" "--remote-allow-hosts" "localhost" "-no-remote" "-profile" "/tmp/rust_mozprofileZWebbf"
console.warn: services.settings: Ignoring preference override of remote settings server
console.warn: services.settings: Allow by setting MOZ_REMOTE_SETTINGS_DEVTOOLS=1 in the environment
[GFX1-]: vaapitest: ERROR
[GFX1-]: vaapitest: VA-API test failed: libva-drm.so.2 is missing.

ATTENTION: default value of option mesa_glthread overridden by environment.
1695116852332	Marionette	INFO	Marionette enabled
ATTENTION: default value of option mesa_glthread overridden by environment.
1695116852421	Marionette	INFO	Listening on port 42421
WebDriver BiDi listening on ws://127.0.0.1:36771
Read port: 42421
1695116852535	RemoteAgent	WARN	TLS certificate errors will be ignored for this session
console.error: ({})
DevTools listening on ws://127.0.0.1:36771/devtools/browser/923938f8-0f3f-404a-a5c5-f492b8da73af
console.warn: LoginRecipes: "Falling back to a synchronous message for: https://www.google.com."
1695116940163	Marionette	INFO	Stopped listening on port 42421
JavaScript warning: https://www.google.com/xjs/_/js/k=xjs.snr.en_GB.J253nwGoRXw.O/am=ChAAAQIAAAAAAAAAAgCgAsIhk03xAP_cBwAAGACAgi4RBDABEOD9JxIDAEAACIAJIA72AABKqAbsAAAAwNgPAAAEAADFAmC8ANAE8CEELAIEAAAAQB4AnAcQHER4AAAAAAAAAAAAAAKeIBgckB4LCIAAAAAAAAAAAAAAqWzycgABADA/d=1/ed=1/dg=2/rs=ACT90oHkyC7JI1pphveyj6LfAskFmhEjOA/ee=cEt90b:ws9Tlc;qddgKe:x4FYXe,d7YSfd;yxTchf:KUM7Z;dtl0hd:lLQWFe;eHDfl:ofjVkb;qaS3gd:yiLg6e;nAFL3:NTMZac,s39S4;oGtAuc:sOXFj;iFQyKf:vfuNJf,QIhFr;SNUn3:ZwDk9d,x8cHvb;io8t5d:sgY6Zb;Oj465e:KG2eXe,KG2eXe;Erl4fe:FloWmf,FloWmf;JsbNhc:Xd8iUd;sP4Vbe:VwDzFe;kMFpHd:OTA3Ae;uY49fb:COQbmf;Pjplud:PoEs9b,EEDORb;QGR0gd:Mlhmy;a56pNe:JEfCwb;Me32dd:MEeYgc;wR5FRb:TtcOte,O1Gjze;pXdRYb:JKoKVe;dIoSBb:ZgGg9b;EmZ2Bf:zr1jrb;NSEoX:lazG7b;eBAeSb:Ck63tb;WCEKNd:I46Hvd;wV5Pjc:L8KGxe;EVNhjf:pw70Gc;sTsDMc:kHVSUb;wQlYve:aLUfP;zOsCQe:Ko78Df;KcokUb:KiuZBf;YV5bee:IvPZ6d;kbAm9d:MkHyGd;ZWEUA:afR4Cf;g8nkx:U4MzKc;lzgfYb:PI40bd;w9w86d:dt4g2b;GleZL:J1A7Od;bcPXSc:gSZLJb;JXS8fb:Qj0suc;IoGlCf:b5lhvb;VN6jIc:ddQyuf;vfVwPd:lcrkwe;ESrPQc:mNTJvc;pNsl2d:j9Yuyc;VGRfx:VFqbr;BjwMce:cXX2Wb;R9Ulx:CR7Ufe;kY7VAf:d91TEb;xBbsrc:NEW1Qc;KpRAue:Tia57b;jY0zg:Q6tNgc;l8Azde:j4Ca9b;oSUNyd:fTfGO,fTfGO,pnvXVc;SMDL4c:fTfGO,pnvXVc;aZ61od:arTwJ;ZrFutb:W4Cdfc;K8vqCc:MyIcle;NPKaK:SdcwHb;LBgRLc:XVMNvd,SdcwHb;rQSrae:C6D5Fc;kCQyJ:ueyPK;KQzWid:mB4wNe;EABSZ:MXZt9d;qavrXe:zQzcXe,mYbt1d;TxfV6d:YORN0b;UDrY1c:eps46d;F9mqte:UoRcbe;Nyt6ic:jn2sGd;w3bZCb:ZPGaIb;G0KhTb:LIaoZ;XUezZ:sa7lqb;aAJE9c:WHW6Ef;V2HTTe:RolTY;Wfmdue:g3MJlb;imqimf:jKGL2e;BgS6mb:fidj5d;UVmjEd:EesRsb;z97YGf:oug9te;AfeaP:TkrAjf;eBZ5Nd:audvde;CxXAWb:YyRLvc;SLtqO:Kh1xYe;tosKvd:ZCqP3;VOcgDe:YquhTb;uuQkY:u2V3ud;WDGyFe:jcVOxd;trZL0b:qY8PFe;VxQ32b:k0XsBb;DULqB:RKfG5c;Np8Qkd:Dpx6qc;cFTWae:gT8qnd;gaub4:TN6bMe;DpcR3d:zL72xf;hjRo6e:F62sG;yGxLoc:FmAr0c;oUlnpc:RagDlc;R2kc8b:ALJqWb;pj82le:mg5CW;dLlj2:Qqt3Gf;qGV2uc:HHi04c;gtVSi:ekUOYd;UyG7Kb:wQd0G;LsNahb:ucGLNb;xbe2wc:wbTLEd;Q1Ow7b:x5CSu;bFZ6gf:RsDQqe;okUaUd:wItadb;G6wU6e:hezEbd;uknmt:GkPrzb;U96pRd:FsR04;PqHfGe:im2cZe;Fmv9Nc:O1Tzwc;hK67qb:QWEO5b;BMxAGc:E5bFse;R4IIIb:QWfeKf;whEZac:F4AmNb;tH4IIe:Ymry6;lkq0A:JyBE3e;daB6be:lMxGPd;LEikZe:byfTOb,lsjVmc/m=attn,cdos,cr,gwc,hsm,jsanr,mb4ZUb,d,csi,cEt90b,SNUn3,qddgKe,sTsDMc,dtl0hd,eHDfl, line 1167: Script terminated by timeout at:
e6q/<@https://www.google.com/xjs/_/js/k=xjs.snr.en_GB.J253nwGoRXw.O/am=ChAAAQIAAAAAAAAAAgCgAsIhk03xAP_cBwAAGACAgi4RBDABEOD9JxIDAEAACIAJIA72AABKqAbsAAAAwNgPAAAEAADFAmC8ANAE8CEELAIEAAAAQB4AnAcQHER4AAAAAAAAAAAAAAKeIBgckB4LCIAAAAAAAAAAAAAAqWzycgABADA/d=1/ed=1/dg=2/rs=ACT90oHkyC7JI1pphveyj6LfAskFmhEjOA/ee=cEt90b:ws9Tlc;qddgKe:x4FYXe,d7YSfd;yxTchf:KUM7Z;dtl0hd:lLQWFe;eHDfl:ofjVkb;qaS3gd:yiLg6e;nAFL3:NTMZac,s39S4;oGtAuc:sOXFj;iFQyKf:vfuNJf,QIhFr;SNUn3:ZwDk9d,x8cHvb;io8t5d:sgY6Zb;Oj465e:KG2eXe,KG2eXe;Erl4fe:FloWmf,FloWmf;JsbNhc:Xd8iUd;sP4Vbe:VwDzFe;kMFpHd:OTA3Ae;uY49fb:COQbmf;Pjplud:PoEs9b,EEDORb;QGR0gd:Mlhmy;a56pNe:JEfCwb;Me32dd:MEeYgc;wR5FRb:TtcOte,O1Gjze;pXdRYb:JKoKVe;dIoSBb:ZgGg9b;EmZ2Bf:zr1jrb;NSEoX:lazG7b;eBAeSb:Ck63tb;WCEKNd:I46Hvd;wV5Pjc:L8KGxe;EVNhjf:pw70Gc;sTsDMc:kHVSUb;wQlYve:aLUfP;zOsCQe:Ko78Df;KcokUb:KiuZBf;YV5bee:IvPZ6d;kbAm9d:MkHyGd;ZWEUA:afR4Cf;g8nkx:U4MzKc;lzgfYb:PI40bd;w9w86d:dt4g2b;GleZL:J1A7Od;bcPXSc:gSZLJb;JXS8fb:Qj0suc;IoGlCf:b5lhvb;VN6jIc:ddQyuf;vfVwPd:lcrkwe;ESrPQc:mNTJvc;pNsl2d:j9Yuyc;VGRfx:VFqbr;BjwMce:cXX2Wb;R9Ulx:CR7Ufe;kY7VAf:d91TEb;xBbsrc:NEW1Qc;KpRAue:Tia57b;jY0zg:Q6tNgc;l8Azde:j4Ca9b;oSUNyd:fTfGO,fTfGO,pnvXVc;SMDL4c:fTfGO,pnvXVc;aZ61od:arTwJ;ZrFutb:W4Cdfc;K8vqCc:MyIcle;NPKaK:SdcwHb;LBgRLc:XVMNvd,SdcwHb;rQSrae:C6D5Fc;kCQyJ:ueyPK;KQzWid:mB4wNe;EABSZ:MXZt9d;qavrXe:zQzcXe,mYbt1d;TxfV6d:YORN0b;UDrY1c:eps46d;F9mqte:UoRcbe;Nyt6ic:jn2sGd;w3bZCb:ZPGaIb;G0KhTb:LIaoZ;XUezZ:sa7lqb;aAJE9c:WHW6Ef;V2HTTe:RolTY;Wfmdue:g3MJlb;imqimf:jKGL2e;BgS6mb:fidj5d;UVmjEd:EesRsb;z97YGf:oug9te;AfeaP:TkrAjf;eBZ5Nd:audvde;CxXAWb:YyRLvc;SLtqO:Kh1xYe;tosKvd:ZCqP3;VOcgDe:YquhTb;uuQkY:u2V3ud;WDGyFe:jcVOxd;trZL0b:qY8PFe;VxQ32b:k0XsBb;DULqB:RKfG5c;Np8Qkd:Dpx6qc;cFTWae:gT8qnd;gaub4:TN6bMe;DpcR3d:zL72xf;hjRo6e:F62sG;yGxLoc:FmAr0c;oUlnpc:RagDlc;R2kc8b:ALJqWb;pj82le:mg5CW;dLlj2:Qqt3Gf;qGV2uc:HHi04c;gtVSi:ekUOYd;UyG7Kb:wQd0G;LsNahb:ucGLNb;xbe2wc:wbTLEd;Q1Ow7b:x5CSu;bFZ6gf:RsDQqe;okUaUd:wItadb;G6wU6e:hezEbd;uknmt:GkPrzb;U96pRd:FsR04;PqHfGe:im2cZe;Fmv9Nc:O1Tzwc;hK67qb:QWEO5b;BMxAGc:E5bFse;R4IIIb:QWfeKf;whEZac:F4AmNb;tH4IIe:Ymry6;lkq0A:JyBE3e;daB6be:lMxGPd;LEikZe:byfTOb,lsjVmc/m=attn,cdos,cr,gwc,hsm,jsanr,mb4ZUb,d,csi,cEt90b,SNUn3,qddgKe,sTsDMc,dtl0hd,eHDfl:1167:991

1695117016410	geckodriver	INFO	Listening on 127.0.0.1:42413
1695117751101	geckodriver	INFO	Listening on 127.0.0.1:60679
1695117751611	mozrunner::runner	INFO	Running command: MOZ_CRASHREPORTER="1" MOZ_CRASHREPORTER_NO_REPORT="1" MOZ_CRASHREPORTER_SHUTDOWN="1" MOZ_NO_REMOTE="1" "/hom ... te" "--remote-debugging-port" "52501" "--remote-allow-hosts" "localhost" "-no-remote" "-profile" "/tmp/rust_mozprofileODtIvG"
console.warn: services.settings: Ignoring preference override of remote settings server
console.warn: services.settings: Allow by setting MOZ_REMOTE_SETTINGS_DEVTOOLS=1 in the environment
[GFX1-]: vaapitest: ERROR
[GFX1-]: vaapitest: VA-API test failed: libva-drm.so.2 is missing.

ATTENTION: default value of option mesa_glthread overridden by environment.
1695117752025	Marionette	INFO	Marionette enabled
ATTENTION: default value of option mesa_glthread overridden by environment.
1695117752118	Marionette	INFO	Listening on port 40281
WebDriver BiDi listening on ws://127.0.0.1:52501
Read port: 40281
1695117752240	RemoteAgent	WARN	TLS certificate errors will be ignored for this session
console.error: ({})
DevTools listening on ws://127.0.0.1:52501/devtools/browser/9f38c7f8-9465-4251-8056-71e96c338c8d
console.warn: LoginRecipes: "Falling back to a synchronous message for: https://www.google.com."
Exiting due to channel error.
Exiting due to channel error.
Exiting due to channel error.
Exiting due to channel error.
Exiting due to channel error.
1695119054306	geckodriver	INFO	Listening on 127.0.0.1:40163
1695119054813	mozrunner::runner	INFO	Running command: MOZ_CRASHREPORTER="1" MOZ_CRASHREPORTER_NO_REPORT="1" MOZ_CRASHREPORTER_SHUTDOWN="1" MOZ_NO_REMOTE="1" "/hom ... te" "--remote-debugging-port" "39385" "--remote-allow-hosts" "localhost" "-no-remote" "-profile" "/tmp/rust_mozprofilexlMvW7"
console.warn: services.settings: Ignoring preference override of remote settings server
console.warn: services.settings: Allow by setting MOZ_REMOTE_SETTINGS_DEVTOOLS=1 in the environment
[GFX1-]: vaapitest: ERROR
[GFX1-]: vaapitest: VA-API test failed: libva-drm.so.2 is missing.

ATTENTION: default value of option mesa_glthread overridden by environment.
1695119055214	Marionette	INFO	Marionette enabled
ATTENTION: default value of option mesa_glthread overridden by environment.
1695119055317	Marionette	INFO	Listening on port 43145
WebDriver BiDi listening on ws://127.0.0.1:39385
Read port: 43145
console.error: Region.sys.mjs: "Error fetching region" (new TypeError("NetworkError when attempting to fetch resource.", ""))
console.error: Region.sys.mjs: "Failed to fetch region" (new Error("NO_RESULT", "resource://gre/modules/Region.sys.mjs", 411))
1695119055432	RemoteAgent	WARN	TLS certificate errors will be ignored for this session
console.error: ({})
console.error: (new TypeError("NetworkError: Network request failed", "resource://services-settings/Utils.sys.mjs", 229))
DevTools listening on ws://127.0.0.1:39385/devtools/browser/67092f33-53a2-4b71-b34f-f6e73d7b090f
1695119056222	Marionette	WARN	Ignoring event 'pageshow' because document has an invalid readyState of 'uninitialized'.
Exiting due to channel error.
Exiting due to channel error.
Exiting due to channel error.
Exiting due to channel error.
Exiting due to channel error.
1695120814852	geckodriver	INFO	Listening on 127.0.0.1:49155
1695120815359	mozrunner::runner	INFO	Running command: MOZ_CRASHREPORTER="1" MOZ_CRASHREPORTER_NO_REPORT="1" MOZ_CRASHREPORTER_SHUTDOWN="1" MOZ_NO_REMOTE="1" "/hom ... te" "--remote-debugging-port" "41099" "--remote-allow-hosts" "localhost" "-no-remote" "-profile" "/tmp/rust_mozprofileVXNPf5"
console.warn: services.settings: Ignoring preference override of remote settings server
console.warn: services.settings: Allow by setting MOZ_REMOTE_SETTINGS_DEVTOOLS=1 in the environment
[GFX1-]: vaapitest: ERROR
[GFX1-]: vaapitest: VA-API test failed: libva-drm.so.2 is missing.

ATTENTION: default value of option mesa_glthread overridden by environment.
1695120815734	Marionette	INFO	Marionette enabled
ATTENTION: default value of option mesa_glthread overridden by environment.
1695120815828	Marionette	INFO	Listening on port 35797
WebDriver BiDi listening on ws://127.0.0.1:41099
Read port: 35797
1695120815936	RemoteAgent	WARN	TLS certificate errors will be ignored for this session
console.error: ({})
DevTools listening on ws://127.0.0.1:41099/devtools/browser/23e8c66c-14bd-4379-8922-0561e6a756c8
console.warn: LoginRecipes: "Falling back to a synchronous message for: https://www.google.com."
1695120819670	Marionette	INFO	Stopped listening on port 35797
1695120866446	geckodriver	INFO	Listening on 127.0.0.1:41523
1695120907540	geckodriver	INFO	Listening on 127.0.0.1:41369
1695120908052	mozrunner::runner	INFO	Running command: MOZ_CRASHREPORTER="1" MOZ_CRASHREPORTER_NO_REPORT="1" MOZ_CRASHREPORTER_SHUTDOWN="1" MOZ_NO_REMOTE="1" "/hom ... te" "--remote-debugging-port" "49193" "--remote-allow-hosts" "localhost" "-no-remote" "-profile" "/tmp/rust_mozprofileL2Cadf"
console.warn: services.settings: Ignoring preference override of remote settings server
console.warn: services.settings: Allow by setting MOZ_REMOTE_SETTINGS_DEVTOOLS=1 in the environment
[GFX1-]: vaapitest: ERROR
[GFX1-]: vaapitest: VA-API test failed: libva-drm.so.2 is missing.

ATTENTION: default value of option mesa_glthread overridden by environment.
1695120908437	Marionette	INFO	Marionette enabled
ATTENTION: default value of option mesa_glthread overridden by environment.
1695120908529	Marionette	INFO	Listening on port 44577
WebDriver BiDi listening on ws://127.0.0.1:49193
Read port: 44577
1695120908634	RemoteAgent	WARN	TLS certificate errors will be ignored for this session
console.error: ({})
DevTools listening on ws://127.0.0.1:49193/devtools/browser/72ee1ff9-cd43-46af-b8fe-d14208351d3e
console.warn: LoginRecipes: "Falling back to a synchronous message for: https://www.google.com."
1695120911766	Marionette	INFO	Stopped listening on port 44577
1695120928193	geckodriver	INFO	Listening on 127.0.0.1:47097
1695120928695	mozrunner::runner	INFO	Running command: MOZ_CRASHREPORTER="1" MOZ_CRASHREPORTER_NO_REPORT="1" MOZ_CRASHREPORTER_SHUTDOWN="1" MOZ_NO_REMOTE="1" "/hom ... te" "--remote-debugging-port" "43461" "--remote-allow-hosts" "localhost" "-no-remote" "-profile" "/tmp/rust_mozprofileu8cbYl"
console.warn: services.settings: Ignoring preference override of remote settings server
console.warn: services.settings: Allow by setting MOZ_REMOTE_SETTINGS_DEVTOOLS=1 in the environment
[GFX1-]: vaapitest: ERROR
[GFX1-]: vaapitest: VA-API test failed: libva-drm.so.2 is missing.

ATTENTION: default value of option mesa_glthread overridden by environment.
1695120929088	Marionette	INFO	Marionette enabled
ATTENTION: default value of option mesa_glthread overridden by environment.
1695120929202	Marionette	INFO	Listening on port 35391
WebDriver BiDi listening on ws://127.0.0.1:43461
Read port: 35391
1695120929321	RemoteAgent	WARN	TLS certificate errors will be ignored for this session
console.error: ({})
DevTools listening on ws://127.0.0.1:43461/devtools/browser/0efecb1a-b033-4033-ad91-78a3fb420593
console.warn: LoginRecipes: "Falling back to a synchronous message for: https://www.google.com."
1695120932429	Marionette	INFO	Stopped listening on port 35391
1695190783125	geckodriver	INFO	Listening on 127.0.0.1:50167
1695190783628	mozrunner::runner	INFO	Running command: MOZ_CRASHREPORTER="1" MOZ_CRASHREPORTER_NO_REPORT="1" MOZ_CRASHREPORTER_SHUTDOWN="1" MOZ_NO_REMOTE="1" "/hom ... te" "--remote-debugging-port" "49589" "--remote-allow-hosts" "localhost" "-no-remote" "-profile" "/tmp/rust_mozprofileB4iPbm"
console.warn: services.settings: Ignoring preference override of remote settings server
console.warn: services.settings: Allow by setting MOZ_REMOTE_SETTINGS_DEVTOOLS=1 in the environment
[GFX1-]: vaapitest: ERROR
[GFX1-]: vaapitest: VA-API test failed: libva-drm.so.2 is missing.

ATTENTION: default value of option mesa_glthread overridden by environment.
1695190784091	Marionette	INFO	Marionette enabled
ATTENTION: default value of option mesa_glthread overridden by environment.
1695190784225	Marionette	INFO	Listening on port 41171
Read port: 41171
WebDriver BiDi listening on ws://127.0.0.1:49589
1695190784266	RemoteAgent	WARN	TLS certificate errors will be ignored for this session
console.error: ({})
DevTools listening on ws://127.0.0.1:49589/devtools/browser/5590ee02-a087-4b07-843f-dadb23b826d9
console.warn: LoginRecipes: "Falling back to a synchronous message for: https://www.google.com."
Exiting due to channel error.
Exiting due to channel error.
Exiting due to channel error.
Exiting due to channel error.
Exiting due to channel error.
1695201009216	geckodriver	INFO	Listening on 127.0.0.1:35581
1695201009725	mozrunner::runner	INFO	Running command: MOZ_CRASHREPORTER="1" MOZ_CRASHREPORTER_NO_REPORT="1" MOZ_CRASHREPORTER_SHUTDOWN="1" MOZ_NO_REMOTE="1" "/hom ... te" "--remote-debugging-port" "47091" "--remote-allow-hosts" "localhost" "-no-remote" "-profile" "/tmp/rust_mozprofile846lBj"
console.warn: services.settings: Ignoring preference override of remote settings server
console.warn: services.settings: Allow by setting MOZ_REMOTE_SETTINGS_DEVTOOLS=1 in the environment
[GFX1-]: vaapitest: ERROR
[GFX1-]: vaapitest: VA-API test failed: libva-drm.so.2 is missing.

ATTENTION: default value of option mesa_glthread overridden by environment.
1695201010104	Marionette	INFO	Marionette enabled
ATTENTION: default value of option mesa_glthread overridden by environment.
1695201010202	Marionette	INFO	Listening on port 43069
WebDriver BiDi listening on ws://127.0.0.1:47091
Read port: 43069
1695201010307	RemoteAgent	WARN	TLS certificate errors will be ignored for this session
console.error: ({})
DevTools listening on ws://127.0.0.1:47091/devtools/browser/9aa2e2e3-fe69-4a64-9391-39889911ec05
console.warn: LoginRecipes: "Falling back to a synchronous message for: https://www.google.com."
1695201013396	geckodriver	INFO	Listening on 127.0.0.1:50131
1695201013903	mozrunner::runner	INFO	Running command: MOZ_CRASHREPORTER="1" MOZ_CRASHREPORTER_NO_REPORT="1" MOZ_CRASHREPORTER_SHUTDOWN="1" MOZ_NO_REMOTE="1" "/hom ... te" "--remote-debugging-port" "54679" "--remote-allow-hosts" "localhost" "-no-remote" "-profile" "/tmp/rust_mozprofileO5lcHJ"
console.warn: services.settings: Ignoring preference override of remote settings server
console.warn: services.settings: Allow by setting MOZ_REMOTE_SETTINGS_DEVTOOLS=1 in the environment
[GFX1-]: vaapitest: ERROR
[GFX1-]: vaapitest: VA-API test failed: libva-drm.so.2 is missing.

ATTENTION: default value of option mesa_glthread overridden by environment.
1695201014299	Marionette	INFO	Marionette enabled
ATTENTION: default value of option mesa_glthread overridden by environment.
1695201014394	Marionette	INFO	Listening on port 41183
WebDriver BiDi listening on ws://127.0.0.1:54679
Read port: 41183
1695201014428	RemoteAgent	WARN	TLS certificate errors will be ignored for this session
console.error: ({})
DevTools listening on ws://127.0.0.1:54679/devtools/browser/a1181876-58a3-4f59-ac73-6ec071ef0a42
console.warn: LoginRecipes: "Falling back to a synchronous message for: https://www.google.com."
1695201017095	geckodriver	INFO	Listening on 127.0.0.1:44761
1695201017597	mozrunner::runner	INFO	Running command: MOZ_CRASHREPORTER="1" MOZ_CRASHREPORTER_NO_REPORT="1" MOZ_CRASHREPORTER_SHUTDOWN="1" MOZ_NO_REMOTE="1" "/hom ... te" "--remote-debugging-port" "51845" "--remote-allow-hosts" "localhost" "-no-remote" "-profile" "/tmp/rust_mozprofilei5FItH"
console.warn: services.settings: Ignoring preference override of remote settings server
console.warn: services.settings: Allow by setting MOZ_REMOTE_SETTINGS_DEVTOOLS=1 in the environment
[GFX1-]: vaapitest: ERROR
[GFX1-]: vaapitest: VA-API test failed: libva-drm.so.2 is missing.

ATTENTION: default value of option mesa_glthread overridden by environment.
1695201017973	Marionette	INFO	Marionette enabled
ATTENTION: default value of option mesa_glthread overridden by environment.
1695201018076	Marionette	INFO	Listening on port 42327
WebDriver BiDi listening on ws://127.0.0.1:51845
Read port: 42327
1695201018180	RemoteAgent	WARN	TLS certificate errors will be ignored for this session
console.error: ({})
DevTools listening on ws://127.0.0.1:51845/devtools/browser/0c722ffd-b5a6-4850-bc1a-236993974382
console.warn: LoginRecipes: "Falling back to a synchronous message for: https://www.google.com."
1695201021673	Marionette	INFO	Stopped listening on port 42327
JavaScript warning: https://www.google.com/xjs/_/js/k=xjs.s.en_GB.lJ4rbealhNA.O/am=CAAAAAAAAAAAAAAAAgCgBsIhgA0wQCAAAgAAEACAggIRBDAAQIBHmUgMAAABIAQmgDjYAwAooRoAAAAAAGE_AAAAAADAAiAAAGgCGBACFgEBAAAAkAcA4AEABhEWAAAAAAAAAAAAgIAnCAYXJAACAiAAAAAAAAAAAABAKpu8GEA/d=1/ed=1/dg=2/rs=ACT90oEuGpOnqy95djxPivs1pfs0-bsTMw/ee=cEt90b:ws9Tlc;qddgKe:x4FYXe,d7YSfd;yxTchf:KUM7Z;dtl0hd:lLQWFe;eHDfl:ofjVkb;qaS3gd:yiLg6e;nAFL3:NTMZac,s39S4;oGtAuc:sOXFj;iFQyKf:vfuNJf,QIhFr;SNUn3:ZwDk9d,x8cHvb;io8t5d:sgY6Zb;Oj465e:KG2eXe,KG2eXe;Erl4fe:FloWmf,FloWmf;JsbNhc:Xd8iUd;sP4Vbe:VwDzFe;kMFpHd:OTA3Ae;uY49fb:COQbmf;Pjplud:PoEs9b,EEDORb;QGR0gd:Mlhmy;a56pNe:JEfCwb;Me32dd:MEeYgc;wR5FRb:TtcOte,O1Gjze;pXdRYb:JKoKVe;dIoSBb:ZgGg9b;EmZ2Bf:zr1jrb;NSEoX:lazG7b;eBAeSb:Ck63tb;WCEKNd:I46Hvd;wV5Pjc:L8KGxe;EVNhjf:pw70Gc;sTsDMc:kHVSUb;wQlYve:aLUfP;zOsCQe:Ko78Df;KcokUb:KiuZBf;YV5bee:IvPZ6d;kbAm9d:MkHyGd;ZWEUA:afR4Cf;g8nkx:U4MzKc;lzgfYb:PI40bd;w9w86d:dt4g2b;GleZL:J1A7Od;bcPXSc:gSZLJb;JXS8fb:Qj0suc;IoGlCf:b5lhvb;VN6jIc:ddQyuf;vfVwPd:lcrkwe;ESrPQc:mNTJvc;pNsl2d:j9Yuyc;VGRfx:VFqbr;BjwMce:cXX2Wb;R9Ulx:CR7Ufe;kY7VAf:d91TEb;xBbsrc:NEW1Qc;KpRAue:Tia57b;jY0zg:Q6tNgc;l8Azde:j4Ca9b;oSUNyd:fTfGO,fTfGO,pnvXVc;SMDL4c:fTfGO,pnvXVc;aZ61od:arTwJ;ZrFutb:W4Cdfc;K8vqCc:MyIcle;NPKaK:SdcwHb;LBgRLc:XVMNvd,SdcwHb;rQSrae:C6D5Fc;kCQyJ:ueyPK;KQzWid:mB4wNe;EABSZ:MXZt9d;qavrXe:zQzcXe,mYbt1d;TxfV6d:YORN0b;UDrY1c:eps46d;F9mqte:UoRcbe;Nyt6ic:jn2sGd;w3bZCb:ZPGaIb;G0KhTb:LIaoZ;XUezZ:sa7lqb;aAJE9c:WHW6Ef;V2HTTe:RolTY;Wfmdue:g3MJlb;imqimf:jKGL2e;BgS6mb:fidj5d;UVmjEd:EesRsb;z97YGf:oug9te;AfeaP:TkrAjf;eBZ5Nd:audvde;CxXAWb:YyRLvc;SLtqO:Kh1xYe;tosKvd:ZCqP3;VOcgDe:YquhTb;uuQkY:u2V3ud;WDGyFe:jcVOxd;trZL0b:qY8PFe;VxQ32b:k0XsBb;DULqB:RKfG5c;Np8Qkd:Dpx6qc;cFTWae:gT8qnd;gaub4:TN6bMe;DpcR3d:zL72xf;hjRo6e:F62sG;yGxLoc:FmAr0c;oUlnpc:RagDlc;R2kc8b:ALJqWb;pj82le:mg5CW;dLlj2:Qqt3Gf;qGV2uc:HHi04c;gtVSi:ekUOYd;UyG7Kb:wQd0G;LsNahb:ucGLNb;xbe2wc:wbTLEd;Q1Ow7b:x5CSu;bFZ6gf:RsDQqe;okUaUd:wItadb;G6wU6e:hezEbd;uknmt:GkPrzb;U96pRd:FsR04;PqHfGe:im2cZe;Fmv9Nc:O1Tzwc;hK67qb:QWEO5b;BMxAGc:E5bFse;R4IIIb:QWfeKf;whEZac:F4AmNb;tH4IIe:Ymry6;lkq0A:JyBE3e;daB6be:lMxGPd;LEikZe:byfTOb,lsjVmc/m=cdos,cr,hsm,jsa,mb4ZUb,d,csi,cEt90b,SNUn3,qddgKe,sTsDMc,dtl0hd,eHDfl, line 410: Script terminated by timeout at:
b@https://www.google.com/xjs/_/js/k=xjs.s.en_GB.lJ4rbealhNA.O/am=CAAAAAAAAAAAAAAAAgCgBsIhgA0wQCAAAgAAEACAggIRBDAAQIBHmUgMAAABIAQmgDjYAwAooRoAAAAAAGE_AAAAAADAAiAAAGgCGBACFgEBAAAAkAcA4AEABhEWAAAAAAAAAAAAgIAnCAYXJAACAiAAAAAAAAAAAABAKpu8GEA/d=1/ed=1/dg=2/rs=ACT90oEuGpOnqy95djxPivs1pfs0-bsTMw/ee=cEt90b:ws9Tlc;qddgKe:x4FYXe,d7YSfd;yxTchf:KUM7Z;dtl0hd:lLQWFe;eHDfl:ofjVkb;qaS3gd:yiLg6e;nAFL3:NTMZac,s39S4;oGtAuc:sOXFj;iFQyKf:vfuNJf,QIhFr;SNUn3:ZwDk9d,x8cHvb;io8t5d:sgY6Zb;Oj465e:KG2eXe,KG2eXe;Erl4fe:FloWmf,FloWmf;JsbNhc:Xd8iUd;sP4Vbe:VwDzFe;kMFpHd:OTA3Ae;uY49fb:COQbmf;Pjplud:PoEs9b,EEDORb;QGR0gd:Mlhmy;a56pNe:JEfCwb;Me32dd:MEeYgc;wR5FRb:TtcOte,O1Gjze;pXdRYb:JKoKVe;dIoSBb:ZgGg9b;EmZ2Bf:zr1jrb;NSEoX:lazG7b;eBAeSb:Ck63tb;WCEKNd:I46Hvd;wV5Pjc:L8KGxe;EVNhjf:pw70Gc;sTsDMc:kHVSUb;wQlYve:aLUfP;zOsCQe:Ko78Df;KcokUb:KiuZBf;YV5bee:IvPZ6d;kbAm9d:MkHyGd;ZWEUA:afR4Cf;g8nkx:U4MzKc;lzgfYb:PI40bd;w9w86d:dt4g2b;GleZL:J1A7Od;bcPXSc:gSZLJb;JXS8fb:Qj0suc;IoGlCf:b5lhvb;VN6jIc:ddQyuf;vfVwPd:lcrkwe;ESrPQc:mNTJvc;pNsl2d:j9Yuyc;VGRfx:VFqbr;BjwMce:cXX2Wb;R9Ulx:CR7Ufe;kY7VAf:d91TEb;xBbsrc:NEW1Qc;KpRAue:Tia57b;jY0zg:Q6tNgc;l8Azde:j4Ca9b;oSUNyd:fTfGO,fTfGO,pnvXVc;SMDL4c:fTfGO,pnvXVc;aZ61od:arTwJ;ZrFutb:W4Cdfc;K8vqCc:MyIcle;NPKaK:SdcwHb;LBgRLc:XVMNvd,SdcwHb;rQSrae:C6D5Fc;kCQyJ:ueyPK;KQzWid:mB4wNe;EABSZ:MXZt9d;qavrXe:zQzcXe,mYbt1d;TxfV6d:YORN0b;UDrY1c:eps46d;F9mqte:UoRcbe;Nyt6ic:jn2sGd;w3bZCb:ZPGaIb;G0KhTb:LIaoZ;XUezZ:sa7lqb;aAJE9c:WHW6Ef;V2HTTe:RolTY;Wfmdue:g3MJlb;imqimf:jKGL2e;BgS6mb:fidj5d;UVmjEd:EesRsb;z97YGf:oug9te;AfeaP:TkrAjf;eBZ5Nd:audvde;CxXAWb:YyRLvc;SLtqO:Kh1xYe;tosKvd:ZCqP3;VOcgDe:YquhTb;uuQkY:u2V3ud;WDGyFe:jcVOxd;trZL0b:qY8PFe;VxQ32b:k0XsBb;DULqB:RKfG5c;Np8Qkd:Dpx6qc;cFTWae:gT8qnd;gaub4:TN6bMe;DpcR3d:zL72xf;hjRo6e:F62sG;yGxLoc:FmAr0c;oUlnpc:RagDlc;R2kc8b:ALJqWb;pj82le:mg5CW;dLlj2:Qqt3Gf;qGV2uc:HHi04c;gtVSi:ekUOYd;UyG7Kb:wQd0G;LsNahb:ucGLNb;xbe2wc:wbTLEd;Q1Ow7b:x5CSu;bFZ6gf:RsDQqe;okUaUd:wItadb;G6wU6e:hezEbd;uknmt:GkPrzb;U96pRd:FsR04;PqHfGe:im2cZe;Fmv9Nc:O1Tzwc;hK67qb:QWEO5b;BMxAGc:E5bFse;R4IIIb:QWfeKf;whEZac:F4AmNb;tH4IIe:Ymry6;lkq0A:JyBE3e;daB6be:lMxGPd;LEikZe:byfTOb,lsjVmc/m=cdos,cr,hsm,jsa,mb4ZUb,d,csi,cEt90b,SNUn3,qddgKe,sTsDMc,dtl0hd,eHDfl:410:40

1695201073822	Marionette	INFO	Stopped listening on port 41183
1695201075215	Marionette	INFO	Stopped listening on port 43069
1695201936874	geckodriver	INFO	Listening on 127.0.0.1:45217
1695201937381	mozrunner::runner	INFO	Running command: MOZ_CRASHREPORTER="1" MOZ_CRASHREPORTER_NO_REPORT="1" MOZ_CRASHREPORTER_SHUTDOWN="1" MOZ_NO_REMOTE="1" "/hom ... te" "--remote-debugging-port" "39095" "--remote-allow-hosts" "localhost" "-no-remote" "-profile" "/tmp/rust_mozprofileKd4AFR"
console.warn: services.settings: Ignoring preference override of remote settings server
console.warn: services.settings: Allow by setting MOZ_REMOTE_SETTINGS_DEVTOOLS=1 in the environment
[GFX1-]: vaapitest: ERROR
[GFX1-]: vaapitest: VA-API test failed: libva-drm.so.2 is missing.

ATTENTION: default value of option mesa_glthread overridden by environment.
1695201937776	Marionette	INFO	Marionette enabled
ATTENTION: default value of option mesa_glthread overridden by environment.
1695201937867	Marionette	INFO	Listening on port 44611
WebDriver BiDi listening on ws://127.0.0.1:39095
Read port: 44611
1695201937972	RemoteAgent	WARN	TLS certificate errors will be ignored for this session
console.error: ({})
DevTools listening on ws://127.0.0.1:39095/devtools/browser/fb5a8212-8425-4eb6-a1b6-2ca1aafcad67
console.warn: LoginRecipes: "Falling back to a synchronous message for: https://www.google.com."
1695201965102	geckodriver	INFO	Listening on 127.0.0.1:56577
1695201965610	mozrunner::runner	INFO	Running command: MOZ_CRASHREPORTER="1" MOZ_CRASHREPORTER_NO_REPORT="1" MOZ_CRASHREPORTER_SHUTDOWN="1" MOZ_NO_REMOTE="1" "/hom ... te" "--remote-debugging-port" "42601" "--remote-allow-hosts" "localhost" "-no-remote" "-profile" "/tmp/rust_mozprofileXo2atq"
console.warn: services.settings: Ignoring preference override of remote settings server
console.warn: services.settings: Allow by setting MOZ_REMOTE_SETTINGS_DEVTOOLS=1 in the environment
[GFX1-]: vaapitest: ERROR
[GFX1-]: vaapitest: VA-API test failed: libva-drm.so.2 is missing.

ATTENTION: default value of option mesa_glthread overridden by environment.
1695201965997	Marionette	INFO	Marionette enabled
ATTENTION: default value of option mesa_glthread overridden by environment.
1695201966099	Marionette	INFO	Listening on port 43449
WebDriver BiDi listening on ws://127.0.0.1:42601
Read port: 43449
1695201966183	RemoteAgent	WARN	TLS certificate errors will be ignored for this session
console.error: ({})
DevTools listening on ws://127.0.0.1:42601/devtools/browser/6d01e86d-7849-41f0-9792-0252ad3a477d
console.warn: LoginRecipes: "Falling back to a synchronous message for: https://www.google.com."
1695203199825	geckodriver	INFO	Listening on 127.0.0.1:38039
1695203200329	mozrunner::runner	INFO	Running command: MOZ_CRASHREPORTER="1" MOZ_CRASHREPORTER_NO_REPORT="1" MOZ_CRASHREPORTER_SHUTDOWN="1" MOZ_NO_REMOTE="1" "/hom ... te" "--remote-debugging-port" "37237" "--remote-allow-hosts" "localhost" "-no-remote" "-profile" "/tmp/rust_mozprofilepSXpO6"
console.warn: services.settings: Ignoring preference override of remote settings server
console.warn: services.settings: Allow by setting MOZ_REMOTE_SETTINGS_DEVTOOLS=1 in the environment
[GFX1-]: vaapitest: ERROR
[GFX1-]: vaapitest: VA-API test failed: libva-drm.so.2 is missing.

ATTENTION: default value of option mesa_glthread overridden by environment.
1695203200701	Marionette	INFO	Marionette enabled
ATTENTION: default value of option mesa_glthread overridden by environment.
1695203200764	Marionette	INFO	Listening on port 46543
WebDriver BiDi listening on ws://127.0.0.1:37237
Read port: 46543
1695203200898	RemoteAgent	WARN	TLS certificate errors will be ignored for this session
console.error: ({})
DevTools listening on ws://127.0.0.1:37237/devtools/browser/62a0bcb4-9625-490b-9292-9dcaa7355b2e
console.warn: LoginRecipes: "Falling back to a synchronous message for: https://www.google.com."
JavaScript warning: https://www.google.com/xjs/_/js/k=xjs.s.en_GB.lJ4rbealhNA.O/am=CAAAAAAAAAAAAAAAAgCgBsIhgA0wQCAAAgAAEACAggIRBDAAQIBHmUgMACABIAQmgDjYAwAooRoAAAAAAGE_AAAAAADAAiAAQGoCGBACFgEBAAAAkAcA4AEABhEWAAAAAAAAAAAAgIAnCAYXJAACAiAAAAAAAAAAAABAKpu8GEA/d=1/ed=1/dg=2/rs=ACT90oEopMGFJC9ICuguUMus7tOL9fUw9A/ee=cEt90b:ws9Tlc;qddgKe:x4FYXe,d7YSfd;yxTchf:KUM7Z;dtl0hd:lLQWFe;eHDfl:ofjVkb;qaS3gd:yiLg6e;nAFL3:NTMZac,s39S4;oGtAuc:sOXFj;iFQyKf:vfuNJf,QIhFr;SNUn3:ZwDk9d,x8cHvb;io8t5d:sgY6Zb;Oj465e:KG2eXe,KG2eXe;Erl4fe:FloWmf,FloWmf;JsbNhc:Xd8iUd;sP4Vbe:VwDzFe;kMFpHd:OTA3Ae;uY49fb:COQbmf;Pjplud:PoEs9b,EEDORb;QGR0gd:Mlhmy;a56pNe:JEfCwb;Me32dd:MEeYgc;wR5FRb:TtcOte,O1Gjze;pXdRYb:JKoKVe;dIoSBb:ZgGg9b;EmZ2Bf:zr1jrb;NSEoX:lazG7b;eBAeSb:Ck63tb;WCEKNd:I46Hvd;wV5Pjc:L8KGxe;EVNhjf:pw70Gc;sTsDMc:kHVSUb;wQlYve:aLUfP;zOsCQe:Ko78Df;KcokUb:KiuZBf;YV5bee:IvPZ6d;kbAm9d:MkHyGd;ZWEUA:afR4Cf;g8nkx:U4MzKc;lzgfYb:PI40bd;w9w86d:dt4g2b;GleZL:J1A7Od;bcPXSc:gSZLJb;JXS8fb:Qj0suc;IoGlCf:b5lhvb;VN6jIc:ddQyuf;vfVwPd:lcrkwe;ESrPQc:mNTJvc;pNsl2d:j9Yuyc;VGRfx:VFqbr;BjwMce:cXX2Wb;R9Ulx:CR7Ufe;kY7VAf:d91TEb;xBbsrc:NEW1Qc;KpRAue:Tia57b;jY0zg:Q6tNgc;l8Azde:j4Ca9b;oSUNyd:fTfGO,fTfGO,pnvXVc;SMDL4c:fTfGO,pnvXVc;aZ61od:arTwJ;ZrFutb:W4Cdfc;K8vqCc:MyIcle;NPKaK:SdcwHb;LBgRLc:XVMNvd,SdcwHb;rQSrae:C6D5Fc;kCQyJ:ueyPK;KQzWid:mB4wNe;EABSZ:MXZt9d;qavrXe:zQzcXe,mYbt1d;TxfV6d:YORN0b;UDrY1c:eps46d;F9mqte:UoRcbe;Nyt6ic:jn2sGd;w3bZCb:ZPGaIb;G0KhTb:LIaoZ;XUezZ:sa7lqb;aAJE9c:WHW6Ef;V2HTTe:RolTY;Wfmdue:g3MJlb;imqimf:jKGL2e;BgS6mb:fidj5d;UVmjEd:EesRsb;z97YGf:oug9te;AfeaP:TkrAjf;eBZ5Nd:audvde;CxXAWb:YyRLvc;SLtqO:Kh1xYe;tosKvd:ZCqP3;VOcgDe:YquhTb;uuQkY:u2V3ud;WDGyFe:jcVOxd;trZL0b:qY8PFe;VxQ32b:k0XsBb;DULqB:RKfG5c;Np8Qkd:Dpx6qc;cFTWae:gT8qnd;gaub4:TN6bMe;DpcR3d:zL72xf;hjRo6e:F62sG;yGxLoc:FmAr0c;oUlnpc:RagDlc;R2kc8b:ALJqWb;pj82le:mg5CW;dLlj2:Qqt3Gf;qGV2uc:HHi04c;gtVSi:ekUOYd;UyG7Kb:wQd0G;LsNahb:ucGLNb;xbe2wc:wbTLEd;Q1Ow7b:x5CSu;bFZ6gf:RsDQqe;okUaUd:wItadb;G6wU6e:hezEbd;uknmt:GkPrzb;U96pRd:FsR04;PqHfGe:im2cZe;Fmv9Nc:O1Tzwc;hK67qb:QWEO5b;BMxAGc:E5bFse;R4IIIb:QWfeKf;whEZac:F4AmNb;tH4IIe:Ymry6;lkq0A:JyBE3e;daB6be:lMxGPd;LEikZe:byfTOb,lsjVmc/m=cdos,cr,hsm,jsa,mb4ZUb,d,csi,cEt90b,SNUn3,qddgKe,sTsDMc,dtl0hd,eHDfl, line 410: Script terminated by timeout at:
b@https://www.google.com/xjs/_/js/k=xjs.s.en_GB.lJ4rbealhNA.O/am=CAAAAAAAAAAAAAAAAgCgBsIhgA0wQCAAAgAAEACAggIRBDAAQIBHmUgMACABIAQmgDjYAwAooRoAAAAAAGE_AAAAAADAAiAAQGoCGBACFgEBAAAAkAcA4AEABhEWAAAAAAAAAAAAgIAnCAYXJAACAiAAAAAAAAAAAABAKpu8GEA/d=1/ed=1/dg=2/rs=ACT90oEopMGFJC9ICuguUMus7tOL9fUw9A/ee=cEt90b:ws9Tlc;qddgKe:x4FYXe,d7YSfd;yxTchf:KUM7Z;dtl0hd:lLQWFe;eHDfl:ofjVkb;qaS3gd:yiLg6e;nAFL3:NTMZac,s39S4;oGtAuc:sOXFj;iFQyKf:vfuNJf,QIhFr;SNUn3:ZwDk9d,x8cHvb;io8t5d:sgY6Zb;Oj465e:KG2eXe,KG2eXe;Erl4fe:FloWmf,FloWmf;JsbNhc:Xd8iUd;sP4Vbe:VwDzFe;kMFpHd:OTA3Ae;uY49fb:COQbmf;Pjplud:PoEs9b,EEDORb;QGR0gd:Mlhmy;a56pNe:JEfCwb;Me32dd:MEeYgc;wR5FRb:TtcOte,O1Gjze;pXdRYb:JKoKVe;dIoSBb:ZgGg9b;EmZ2Bf:zr1jrb;NSEoX:lazG7b;eBAeSb:Ck63tb;WCEKNd:I46Hvd;wV5Pjc:L8KGxe;EVNhjf:pw70Gc;sTsDMc:kHVSUb;wQlYve:aLUfP;zOsCQe:Ko78Df;KcokUb:KiuZBf;YV5bee:IvPZ6d;kbAm9d:MkHyGd;ZWEUA:afR4Cf;g8nkx:U4MzKc;lzgfYb:PI40bd;w9w86d:dt4g2b;GleZL:J1A7Od;bcPXSc:gSZLJb;JXS8fb:Qj0suc;IoGlCf:b5lhvb;VN6jIc:ddQyuf;vfVwPd:lcrkwe;ESrPQc:mNTJvc;pNsl2d:j9Yuyc;VGRfx:VFqbr;BjwMce:cXX2Wb;R9Ulx:CR7Ufe;kY7VAf:d91TEb;xBbsrc:NEW1Qc;KpRAue:Tia57b;jY0zg:Q6tNgc;l8Azde:j4Ca9b;oSUNyd:fTfGO,fTfGO,pnvXVc;SMDL4c:fTfGO,pnvXVc;aZ61od:arTwJ;ZrFutb:W4Cdfc;K8vqCc:MyIcle;NPKaK:SdcwHb;LBgRLc:XVMNvd,SdcwHb;rQSrae:C6D5Fc;kCQyJ:ueyPK;KQzWid:mB4wNe;EABSZ:MXZt9d;qavrXe:zQzcXe,mYbt1d;TxfV6d:YORN0b;UDrY1c:eps46d;F9mqte:UoRcbe;Nyt6ic:jn2sGd;w3bZCb:ZPGaIb;G0KhTb:LIaoZ;XUezZ:sa7lqb;aAJE9c:WHW6Ef;V2HTTe:RolTY;Wfmdue:g3MJlb;imqimf:jKGL2e;BgS6mb:fidj5d;UVmjEd:EesRsb;z97YGf:oug9te;AfeaP:TkrAjf;eBZ5Nd:audvde;CxXAWb:YyRLvc;SLtqO:Kh1xYe;tosKvd:ZCqP3;VOcgDe:YquhTb;uuQkY:u2V3ud;WDGyFe:jcVOxd;trZL0b:qY8PFe;VxQ32b:k0XsBb;DULqB:RKfG5c;Np8Qkd:Dpx6qc;cFTWae:gT8qnd;gaub4:TN6bMe;DpcR3d:zL72xf;hjRo6e:F62sG;yGxLoc:FmAr0c;oUlnpc:RagDlc;R2kc8b:ALJqWb;pj82le:mg5CW;dLlj2:Qqt3Gf;qGV2uc:HHi04c;gtVSi:ekUOYd;UyG7Kb:wQd0G;LsNahb:ucGLNb;xbe2wc:wbTLEd;Q1Ow7b:x5CSu;bFZ6gf:RsDQqe;okUaUd:wItadb;G6wU6e:hezEbd;uknmt:GkPrzb;U96pRd:FsR04;PqHfGe:im2cZe;Fmv9Nc:O1Tzwc;hK67qb:QWEO5b;BMxAGc:E5bFse;R4IIIb:QWfeKf;whEZac:F4AmNb;tH4IIe:Ymry6;lkq0A:JyBE3e;daB6be:lMxGPd;LEikZe:byfTOb,lsjVmc/m=cdos,cr,hsm,jsa,mb4ZUb,d,csi,cEt90b,SNUn3,qddgKe,sTsDMc,dtl0hd,eHDfl:410:40

1695203223877	Marionette	INFO	Stopped listening on port 46543
1695203402918	geckodriver	INFO	Listening on 127.0.0.1:56643
1695203403424	mozrunner::runner	INFO	Running command: MOZ_CRASHREPORTER="1" MOZ_CRASHREPORTER_NO_REPORT="1" MOZ_CRASHREPORTER_SHUTDOWN="1" MOZ_NO_REMOTE="1" "/hom ... te" "--remote-debugging-port" "59239" "--remote-allow-hosts" "localhost" "-no-remote" "-profile" "/tmp/rust_mozprofileUgQO0Z"
console.warn: services.settings: Ignoring preference override of remote settings server
console.warn: services.settings: Allow by setting MOZ_REMOTE_SETTINGS_DEVTOOLS=1 in the environment
[GFX1-]: vaapitest: ERROR
[GFX1-]: vaapitest: VA-API test failed: libva-drm.so.2 is missing.

ATTENTION: default value of option mesa_glthread overridden by environment.
1695203403824	Marionette	INFO	Marionette enabled
ATTENTION: default value of option mesa_glthread overridden by environment.
1695203403929	Marionette	INFO	Listening on port 39877
WebDriver BiDi listening on ws://127.0.0.1:59239
Read port: 39877
1695203404041	RemoteAgent	WARN	TLS certificate errors will be ignored for this session
console.error: ({})
DevTools listening on ws://127.0.0.1:59239/devtools/browser/f7541e17-1e0c-41d7-879d-98a90b273dd3
console.warn: LoginRecipes: "Falling back to a synchronous message for: https://www.google.com."
1695203639569	geckodriver	INFO	Listening on 127.0.0.1:35003
1695203640075	mozrunner::runner	INFO	Running command: MOZ_CRASHREPORTER="1" MOZ_CRASHREPORTER_NO_REPORT="1" MOZ_CRASHREPORTER_SHUTDOWN="1" MOZ_NO_REMOTE="1" "/hom ... te" "--remote-debugging-port" "44897" "--remote-allow-hosts" "localhost" "-no-remote" "-profile" "/tmp/rust_mozprofilePIzT0p"
console.warn: services.settings: Ignoring preference override of remote settings server
console.warn: services.settings: Allow by setting MOZ_REMOTE_SETTINGS_DEVTOOLS=1 in the environment
[GFX1-]: vaapitest: ERROR
[GFX1-]: vaapitest: VA-API test failed: libva-drm.so.2 is missing.

ATTENTION: default value of option mesa_glthread overridden by environment.
1695203640466	Marionette	INFO	Marionette enabled
ATTENTION: default value of option mesa_glthread overridden by environment.
1695203640551	Marionette	INFO	Listening on port 37657
WebDriver BiDi listening on ws://127.0.0.1:44897
Read port: 37657
1695203640662	RemoteAgent	WARN	TLS certificate errors will be ignored for this session
console.error: ({})
DevTools listening on ws://127.0.0.1:44897/devtools/browser/1edceea7-916c-45bc-b284-d3d83a367e3b
console.warn: LoginRecipes: "Falling back to a synchronous message for: https://www.google.com."
1695203792145	geckodriver	INFO	Listening on 127.0.0.1:53611
1695203792648	mozrunner::runner	INFO	Running command: MOZ_CRASHREPORTER="1" MOZ_CRASHREPORTER_NO_REPORT="1" MOZ_CRASHREPORTER_SHUTDOWN="1" MOZ_NO_REMOTE="1" "/hom ... te" "--remote-debugging-port" "45081" "--remote-allow-hosts" "localhost" "-no-remote" "-profile" "/tmp/rust_mozprofilexHeP1E"
console.warn: services.settings: Ignoring preference override of remote settings server
console.warn: services.settings: Allow by setting MOZ_REMOTE_SETTINGS_DEVTOOLS=1 in the environment
[GFX1-]: vaapitest: ERROR
[GFX1-]: vaapitest: VA-API test failed: libva-drm.so.2 is missing.

ATTENTION: default value of option mesa_glthread overridden by environment.
1695203793035	Marionette	INFO	Marionette enabled
ATTENTION: default value of option mesa_glthread overridden by environment.
1695203793126	Marionette	INFO	Listening on port 38111
WebDriver BiDi listening on ws://127.0.0.1:45081
Read port: 38111
1695203793233	RemoteAgent	WARN	TLS certificate errors will be ignored for this session
console.error: ({})
DevTools listening on ws://127.0.0.1:45081/devtools/browser/6cb29414-e1cd-4792-a425-80197eccc614
console.warn: LoginRecipes: "Falling back to a synchronous message for: https://www.google.com."
Exiting due to channel error.
Exiting due to channel error.
Exiting due to channel error.
Exiting due to channel error.
Exiting due to channel error.
Exiting due to channel error.
Exiting due to channel error.
Exiting due to channel error.
Exiting due to channel error.
Exiting due to channel error.
1695623334696	geckodriver	INFO	Listening on 127.0.0.1:43571
1695623335193	mozrunner::runner	INFO	Running command: MOZ_CRASHREPORTER="1" MOZ_CRASHREPORTER_NO_REPORT="1" MOZ_CRASHREPORTER_SHUTDOWN="1" MOZ_NO_REMOTE="1" "/hom ... te" "--remote-debugging-port" "44201" "--remote-allow-hosts" "localhost" "-no-remote" "-profile" "/tmp/rust_mozprofileACGtNb"
console.warn: services.settings: Ignoring preference override of remote settings server
console.warn: services.settings: Allow by setting MOZ_REMOTE_SETTINGS_DEVTOOLS=1 in the environment
[GFX1-]: vaapitest: ERROR
[GFX1-]: vaapitest: VA-API test failed: libva-drm.so.2 is missing.

ATTENTION: default value of option mesa_glthread overridden by environment.
1695623335658	Marionette	INFO	Marionette enabled
ATTENTION: default value of option mesa_glthread overridden by environment.
1695623335783	Marionette	INFO	Listening on port 33203
WebDriver BiDi listening on ws://127.0.0.1:44201
Read port: 33203
1695623335824	RemoteAgent	WARN	TLS certificate errors will be ignored for this session
console.error: ({})
DevTools listening on ws://127.0.0.1:44201/devtools/browser/5f12d0ec-c949-4611-b898-b0d2a1982b9b
console.warn: LoginRecipes: "Falling back to a synchronous message for: https://www.google.com."
Exiting due to channel error.
Exiting due to channel error.
Exiting due to channel error.
Exiting due to channel error.
Exiting due to channel error.
1695630650184	geckodriver	INFO	Listening on 127.0.0.1:38563
1695630650694	mozrunner::runner	INFO	Running command: MOZ_CRASHREPORTER="1" MOZ_CRASHREPORTER_NO_REPORT="1" MOZ_CRASHREPORTER_SHUTDOWN="1" MOZ_NO_REMOTE="1" "/hom ... te" "--remote-debugging-port" "50533" "--remote-allow-hosts" "localhost" "-no-remote" "-profile" "/tmp/rust_mozprofile4Yy9uL"
console.warn: services.settings: Ignoring preference override of remote settings server
console.warn: services.settings: Allow by setting MOZ_REMOTE_SETTINGS_DEVTOOLS=1 in the environment
[GFX1-]: vaapitest: ERROR
[GFX1-]: vaapitest: VA-API test failed: libva-drm.so.2 is missing.

ATTENTION: default value of option mesa_glthread overridden by environment.
1695630651065	Marionette	INFO	Marionette enabled
ATTENTION: default value of option mesa_glthread overridden by environment.
1695630651174	Marionette	INFO	Listening on port 35211
WebDriver BiDi listening on ws://127.0.0.1:50533
Read port: 35211
1695630651278	RemoteAgent	WARN	TLS certificate errors will be ignored for this session
console.error: ({})
DevTools listening on ws://127.0.0.1:50533/devtools/browser/b871c8e2-f63d-4aa1-98c2-245c5bcbd656
console.warn: LoginRecipes: "Falling back to a synchronous message for: https://www.google.com."
Exiting due to channel error.
Exiting due to channel error.
Exiting due to channel error.
Exiting due to channel error.
Exiting due to channel error.
1695630851325	geckodriver	INFO	Listening on 127.0.0.1:32807
1695630851832	mozrunner::runner	INFO	Running command: MOZ_CRASHREPORTER="1" MOZ_CRASHREPORTER_NO_REPORT="1" MOZ_CRASHREPORTER_SHUTDOWN="1" MOZ_NO_REMOTE="1" "/hom ... te" "--remote-debugging-port" "42911" "--remote-allow-hosts" "localhost" "-no-remote" "-profile" "/tmp/rust_mozprofileID1abB"
console.warn: services.settings: Ignoring preference override of remote settings server
console.warn: services.settings: Allow by setting MOZ_REMOTE_SETTINGS_DEVTOOLS=1 in the environment
[GFX1-]: vaapitest: ERROR
[GFX1-]: vaapitest: VA-API test failed: libva-drm.so.2 is missing.

ATTENTION: default value of option mesa_glthread overridden by environment.
1695630852223	Marionette	INFO	Marionette enabled
ATTENTION: default value of option mesa_glthread overridden by environment.
1695630852287	Marionette	INFO	Listening on port 35967
Read port: 35967
WebDriver BiDi listening on ws://127.0.0.1:42911
1695630852361	RemoteAgent	WARN	TLS certificate errors will be ignored for this session
console.error: ({})
DevTools listening on ws://127.0.0.1:42911/devtools/browser/be8d509e-4a9b-447f-b403-48cc05130649
console.warn: LoginRecipes: "Falling back to a synchronous message for: https://www.google.com."
1695630855049	geckodriver	INFO	Listening on 127.0.0.1:38585
1695630855556	mozrunner::runner	INFO	Running command: MOZ_CRASHREPORTER="1" MOZ_CRASHREPORTER_NO_REPORT="1" MOZ_CRASHREPORTER_SHUTDOWN="1" MOZ_NO_REMOTE="1" "/hom ... te" "--remote-debugging-port" "59005" "--remote-allow-hosts" "localhost" "-no-remote" "-profile" "/tmp/rust_mozprofileqibcjI"
console.warn: services.settings: Ignoring preference override of remote settings server
console.warn: services.settings: Allow by setting MOZ_REMOTE_SETTINGS_DEVTOOLS=1 in the environment
[GFX1-]: vaapitest: ERROR
[GFX1-]: vaapitest: VA-API test failed: libva-drm.so.2 is missing.

ATTENTION: default value of option mesa_glthread overridden by environment.
1695630855929	Marionette	INFO	Marionette enabled
ATTENTION: default value of option mesa_glthread overridden by environment.
1695630856042	Marionette	INFO	Listening on port 37497
WebDriver BiDi listening on ws://127.0.0.1:59005
Read port: 37497
1695630856126	RemoteAgent	WARN	TLS certificate errors will be ignored for this session
console.error: ({})
DevTools listening on ws://127.0.0.1:59005/devtools/browser/ddd5aff4-ec23-458e-84fa-4842f702999d
console.warn: LoginRecipes: "Falling back to a synchronous message for: https://www.google.com."
1695630860700	Marionette	INFO	Stopped listening on port 37497
Exiting due to channel error.
Exiting due to channel error.
Exiting due to channel error.
Exiting due to channel error.
Exiting due to channel error.
1695632986724	geckodriver	INFO	Listening on 127.0.0.1:44853
1695632987230	mozrunner::runner	INFO	Running command: MOZ_CRASHREPORTER="1" MOZ_CRASHREPORTER_NO_REPORT="1" MOZ_CRASHREPORTER_SHUTDOWN="1" MOZ_NO_REMOTE="1" "/hom ... te" "--remote-debugging-port" "41999" "--remote-allow-hosts" "localhost" "-no-remote" "-profile" "/tmp/rust_mozprofilezqzD2R"
console.warn: services.settings: Ignoring preference override of remote settings server
console.warn: services.settings: Allow by setting MOZ_REMOTE_SETTINGS_DEVTOOLS=1 in the environment
[GFX1-]: vaapitest: ERROR
[GFX1-]: vaapitest: VA-API test failed: libva-drm.so.2 is missing.

ATTENTION: default value of option mesa_glthread overridden by environment.
1695632987607	Marionette	INFO	Marionette enabled
ATTENTION: default value of option mesa_glthread overridden by environment.
1695632987692	Marionette	INFO	Listening on port 38207
WebDriver BiDi listening on ws://127.0.0.1:41999
Read port: 38207
1695632987809	RemoteAgent	WARN	TLS certificate errors will be ignored for this session
console.error: ({})
DevTools listening on ws://127.0.0.1:41999/devtools/browser/89c8e7c1-2bed-4d46-9c57-796a44551fa0
console.warn: LoginRecipes: "Falling back to a synchronous message for: https://www.google.com."
1695632990712	geckodriver	INFO	Listening on 127.0.0.1:52359
1695632991219	mozrunner::runner	INFO	Running command: MOZ_CRASHREPORTER="1" MOZ_CRASHREPORTER_NO_REPORT="1" MOZ_CRASHREPORTER_SHUTDOWN="1" MOZ_NO_REMOTE="1" "/hom ... te" "--remote-debugging-port" "48593" "--remote-allow-hosts" "localhost" "-no-remote" "-profile" "/tmp/rust_mozprofileUKaoMr"
console.warn: services.settings: Ignoring preference override of remote settings server
console.warn: services.settings: Allow by setting MOZ_REMOTE_SETTINGS_DEVTOOLS=1 in the environment
[GFX1-]: vaapitest: ERROR
[GFX1-]: vaapitest: VA-API test failed: libva-drm.so.2 is missing.

ATTENTION: default value of option mesa_glthread overridden by environment.
1695632991608	Marionette	INFO	Marionette enabled
ATTENTION: default value of option mesa_glthread overridden by environment.
1695632991703	Marionette	INFO	Listening on port 33109
WebDriver BiDi listening on ws://127.0.0.1:48593
Read port: 33109
1695632991807	RemoteAgent	WARN	TLS certificate errors will be ignored for this session
console.error: ({})
DevTools listening on ws://127.0.0.1:48593/devtools/browser/b4d480f6-dfc9-420a-accd-bf475979cb37
console.warn: LoginRecipes: "Falling back to a synchronous message for: https://www.google.com."
Exiting due to channel error.
Exiting due to channel error.
Exiting due to channel error.
Exiting due to channel error.
Exiting due to channel error.
Exiting due to channel error.
Exiting due to channel error.
Exiting due to channel error.
Exiting due to channel error.
Exiting due to channel error.
1695633165365	geckodriver	INFO	Listening on 127.0.0.1:38357
1695633165873	mozrunner::runner	INFO	Running command: MOZ_CRASHREPORTER="1" MOZ_CRASHREPORTER_NO_REPORT="1" MOZ_CRASHREPORTER_SHUTDOWN="1" MOZ_NO_REMOTE="1" "/hom ... te" "--remote-debugging-port" "37227" "--remote-allow-hosts" "localhost" "-no-remote" "-profile" "/tmp/rust_mozprofilexoPdKT"
console.warn: services.settings: Ignoring preference override of remote settings server
console.warn: services.settings: Allow by setting MOZ_REMOTE_SETTINGS_DEVTOOLS=1 in the environment
[GFX1-]: vaapitest: ERROR
[GFX1-]: vaapitest: VA-API test failed: libva-drm.so.2 is missing.

ATTENTION: default value of option mesa_glthread overridden by environment.
1695633166266	Marionette	INFO	Marionette enabled
ATTENTION: default value of option mesa_glthread overridden by environment.
1695633166331	Marionette	INFO	Listening on port 43373
WebDriver BiDi listening on ws://127.0.0.1:37227
Read port: 43373
1695633166457	RemoteAgent	WARN	TLS certificate errors will be ignored for this session
console.error: ({})
DevTools listening on ws://127.0.0.1:37227/devtools/browser/2fac3bbc-08cb-4bcb-9a63-8dc4b0803b36
console.warn: LoginRecipes: "Falling back to a synchronous message for: https://www.google.com."
1695633169058	Marionette	INFO	Stopped listening on port 43373
1695633169588	geckodriver	INFO	Listening on 127.0.0.1:42437
1695633170091	mozrunner::runner	INFO	Running command: MOZ_CRASHREPORTER="1" MOZ_CRASHREPORTER_NO_REPORT="1" MOZ_CRASHREPORTER_SHUTDOWN="1" MOZ_NO_REMOTE="1" "/hom ... te" "--remote-debugging-port" "49749" "--remote-allow-hosts" "localhost" "-no-remote" "-profile" "/tmp/rust_mozprofilew7QB34"
console.warn: services.settings: Ignoring preference override of remote settings server
console.warn: services.settings: Allow by setting MOZ_REMOTE_SETTINGS_DEVTOOLS=1 in the environment
[GFX1-]: vaapitest: ERROR
[GFX1-]: vaapitest: VA-API test failed: libva-drm.so.2 is missing.

ATTENTION: default value of option mesa_glthread overridden by environment.
1695633170484	Marionette	INFO	Marionette enabled
ATTENTION: default value of option mesa_glthread overridden by environment.
1695633170576	Marionette	INFO	Listening on port 34531
WebDriver BiDi listening on ws://127.0.0.1:49749
Read port: 34531
1695633170691	RemoteAgent	WARN	TLS certificate errors will be ignored for this session
console.error: ({})
DevTools listening on ws://127.0.0.1:49749/devtools/browser/b3b1388a-19d3-4bc7-aeb4-6523ac9daeb9
console.warn: LoginRecipes: "Falling back to a synchronous message for: https://www.google.com."
1695633173426	Marionette	INFO	Stopped listening on port 34531
1695633242491	geckodriver	INFO	Listening on 127.0.0.1:56049
1695633242997	mozrunner::runner	INFO	Running command: MOZ_CRASHREPORTER="1" MOZ_CRASHREPORTER_NO_REPORT="1" MOZ_CRASHREPORTER_SHUTDOWN="1" MOZ_NO_REMOTE="1" "/hom ... te" "--remote-debugging-port" "48181" "--remote-allow-hosts" "localhost" "-no-remote" "-profile" "/tmp/rust_mozprofileAZwi93"
console.warn: services.settings: Ignoring preference override of remote settings server
console.warn: services.settings: Allow by setting MOZ_REMOTE_SETTINGS_DEVTOOLS=1 in the environment
[GFX1-]: vaapitest: ERROR
[GFX1-]: vaapitest: VA-API test failed: libva-drm.so.2 is missing.

ATTENTION: default value of option mesa_glthread overridden by environment.
1695633243379	Marionette	INFO	Marionette enabled
ATTENTION: default value of option mesa_glthread overridden by environment.
1695633243468	Marionette	INFO	Listening on port 43319
WebDriver BiDi listening on ws://127.0.0.1:48181
Read port: 43319
1695633243578	RemoteAgent	WARN	TLS certificate errors will be ignored for this session
console.error: ({})
DevTools listening on ws://127.0.0.1:48181/devtools/browser/825411d8-1ce0-4406-817e-b978dcbe0c88
console.warn: LoginRecipes: "Falling back to a synchronous message for: https://www.google.com."
1695633246399	Marionette	INFO	Stopped listening on port 43319
1695634088625	geckodriver	INFO	Listening on 127.0.0.1:57919
1695634089129	mozrunner::runner	INFO	Running command: MOZ_CRASHREPORTER="1" MOZ_CRASHREPORTER_NO_REPORT="1" MOZ_CRASHREPORTER_SHUTDOWN="1" MOZ_NO_REMOTE="1" "/hom ... te" "--remote-debugging-port" "55203" "--remote-allow-hosts" "localhost" "-no-remote" "-profile" "/tmp/rust_mozprofileHoXJ5K"
console.warn: services.settings: Ignoring preference override of remote settings server
console.warn: services.settings: Allow by setting MOZ_REMOTE_SETTINGS_DEVTOOLS=1 in the environment
[GFX1-]: vaapitest: ERROR
[GFX1-]: vaapitest: VA-API test failed: libva-drm.so.2 is missing.

ATTENTION: default value of option mesa_glthread overridden by environment.
1695634089511	Marionette	INFO	Marionette enabled
ATTENTION: default value of option mesa_glthread overridden by environment.
1695634089574	Marionette	INFO	Listening on port 40195
WebDriver BiDi listening on ws://127.0.0.1:55203
Read port: 40195
1695634089712	RemoteAgent	WARN	TLS certificate errors will be ignored for this session
console.error: ({})
DevTools listening on ws://127.0.0.1:55203/devtools/browser/0f5c0ee8-6334-4a72-a586-6290776c7bba
console.warn: LoginRecipes: "Falling back to a synchronous message for: https://www.google.com."
1695634095085	Marionette	INFO	Stopped listening on port 40195
JavaScript warning: https://www.gstatic.com/_/mss/boq-search/_/js/k=boq-search.VisualFrontendUi.en_US.9Q6g2bYJUj0.es5.O/am=AAAAAAAAAAAAAATsADD__7___5_sQxUDAPcl____jxBIPACAQAQaAA_gDAAgAcAEBqfieCBBBQBID0ABRJAIAEUNxVEFAEDAoY8SQABMAAACAABAAADAAQEA4MAHAAAIZiBAAAAAAACuecCAAAAAAAAAAAAAgFDEAAAAAAAAAAAAgADYJA/d=1/excm=_b,_tp,unifiedviewerview/ed=1/dg=0/wt=2/ujg=1/rs=AH7-fg5okxGEDK1LI-Nl68iflHiv4TQ7Bg/m=_b,_tp, line 417: Script terminated by timeout at:
c@https://www.gstatic.com/_/mss/boq-search/_/js/k=boq-search.VisualFrontendUi.en_US.9Q6g2bYJUj0.es5.O/am=AAAAAAAAAAAAAATsADD__7___5_sQxUDAPcl____jxBIPACAQAQaAA_gDAAgAcAEBqfieCBBBQBID0ABRJAIAEUNxVEFAEDAoY8SQABMAAACAABAAADAAQEA4MAHAAAIZiBAAAAAAACuecCAAAAAAAAAAAAAgFDEAAAAAAAAAAAAgADYJA/d=1/excm=_b,_tp,unifiedviewerview/ed=1/dg=0/wt=2/ujg=1/rs=AH7-fg5okxGEDK1LI-Nl68iflHiv4TQ7Bg/m=_b,_tp:417:191

1695634242119	geckodriver	INFO	Listening on 127.0.0.1:55321
1695634242624	mozrunner::runner	INFO	Running command: MOZ_CRASHREPORTER="1" MOZ_CRASHREPORTER_NO_REPORT="1" MOZ_CRASHREPORTER_SHUTDOWN="1" MOZ_NO_REMOTE="1" "/hom ... te" "--remote-debugging-port" "32873" "--remote-allow-hosts" "localhost" "-no-remote" "-profile" "/tmp/rust_mozprofileBDbStm"
console.warn: services.settings: Ignoring preference override of remote settings server
console.warn: services.settings: Allow by setting MOZ_REMOTE_SETTINGS_DEVTOOLS=1 in the environment
[GFX1-]: vaapitest: ERROR
[GFX1-]: vaapitest: VA-API test failed: libva-drm.so.2 is missing.

ATTENTION: default value of option mesa_glthread overridden by environment.
1695634243017	Marionette	INFO	Marionette enabled
ATTENTION: default value of option mesa_glthread overridden by environment.
1695634243100	Marionette	INFO	Listening on port 44837
WebDriver BiDi listening on ws://127.0.0.1:32873
Read port: 44837
1695634243207	RemoteAgent	WARN	TLS certificate errors will be ignored for this session
console.error: ({})
DevTools listening on ws://127.0.0.1:32873/devtools/browser/06e2c022-1b9a-4d30-b57e-78b1eb45a7f8
console.warn: LoginRecipes: "Falling back to a synchronous message for: https://www.google.com."
1695634245707	Marionette	INFO	Stopped listening on port 44837
